Analysis & Synthesis report for ALU
Thu Jul  7 17:02:06 2022
Quartus Prime Version 20.1.0 Build 711 06/05/2020 SJ Lite Edition


---------------------
; Table of Contents ;
---------------------
  1. Legal Notice
  2. Analysis & Synthesis Summary
  3. Analysis & Synthesis Settings
  4. Parallel Compilation
  5. Analysis & Synthesis Source Files Read
  6. Analysis & Synthesis Resource Usage Summary
  7. Analysis & Synthesis Resource Utilization by Entity
  8. General Register Statistics
  9. Multiplexer Restructuring Statistics (Restructuring Performed)
 10. Parameter Settings for User Entity Instance: Top-level Entity: |ALU
 11. Parameter Settings for Inferred Entity Instance: lpm_divide:Mod0
 12. Parameter Settings for Inferred Entity Instance: lpm_divide:Div0
 13. Parameter Settings for Inferred Entity Instance: lpm_mult:Mult0
 14. lpm_mult Parameter Settings by Entity Instance
 15. Analysis & Synthesis Messages
 16. Analysis & Synthesis Suppressed Messages



----------------
; Legal Notice ;
----------------
Copyright (C) 2020  Intel Corporation. All rights reserved.
Your use of Intel Corporation's design tools, logic functions 
and other software and tools, and any partner logic 
functions, and any output files from any of the foregoing 
(including device programming or simulation files), and any 
associated documentation or information are expressly subject 
to the terms and conditions of the Intel Program License 
Subscription Agreement, the Intel Quartus Prime License Agreement,
the Intel FPGA IP License Agreement, or other applicable license
agreement, including, without limitation, that your use is for
the sole purpose of programming logic devices manufactured by
Intel and sold by Intel or its authorized distributors.  Please
refer to the applicable agreement for further details, at
https://fpgasoftware.intel.com/eula.



+---------------------------------------------------------------------------+
; Analysis & Synthesis Summary                                              ;
+-----------------------------+---------------------------------------------+
; Analysis & Synthesis Status ; Successful - Thu Jul  7 17:02:06 2022       ;
; Quartus Prime Version       ; 20.1.0 Build 711 06/05/2020 SJ Lite Edition ;
; Revision Name               ; ALU                                         ;
; Top-level Entity Name       ; ALU                                         ;
; Family                      ; MAX II                                      ;
; Total logic elements        ; 283                                         ;
; Total pins                  ; 29                                          ;
; Total virtual pins          ; 0                                           ;
; UFM blocks                  ; 0 / 1 ( 0 % )                               ;
+-----------------------------+---------------------------------------------+


+------------------------------------------------------------------------------------------------------------+
; Analysis & Synthesis Settings                                                                              ;
+------------------------------------------------------------------+--------------------+--------------------+
; Option                                                           ; Setting            ; Default Value      ;
+------------------------------------------------------------------+--------------------+--------------------+
; Top-level entity name                                            ; ALU                ; ALU                ;
; Family name                                                      ; MAX II             ; Cyclone V          ;
; State Machine Processing                                         ; User-Encoded       ; Auto               ;
; Use smart compilation                                            ; Off                ; Off                ;
; Enable parallel Assembler and Timing Analyzer during compilation ; On                 ; On                 ;
; Enable compact report table                                      ; Off                ; Off                ;
; Restructure Multiplexers                                         ; Auto               ; Auto               ;
; Create Debugging Nodes for IP Cores                              ; Off                ; Off                ;
; Preserve fewer node names                                        ; On                 ; On                 ;
; Intel FPGA IP Evaluation Mode                                    ; Enable             ; Enable             ;
; Verilog Version                                                  ; Verilog_2001       ; Verilog_2001       ;
; VHDL Version                                                     ; VHDL_1993          ; VHDL_1993          ;
; Safe State Machine                                               ; Off                ; Off                ;
; Extract Verilog State Machines                                   ; On                 ; On                 ;
; Extract VHDL State Machines                                      ; On                 ; On                 ;
; Ignore Verilog initial constructs                                ; Off                ; Off                ;
; Iteration limit for constant Verilog loops                       ; 5000               ; 5000               ;
; Iteration limit for non-constant Verilog loops                   ; 250                ; 250                ;
; Add Pass-Through Logic to Inferred RAMs                          ; On                 ; On                 ;
; Infer RAMs from Raw Logic                                        ; On                 ; On                 ;
; Parallel Synthesis                                               ; On                 ; On                 ;
; NOT Gate Push-Back                                               ; On                 ; On                 ;
; Power-Up Don't Care                                              ; On                 ; On                 ;
; Remove Redundant Logic Cells                                     ; Off                ; Off                ;
; Remove Duplicate Registers                                       ; On                 ; On                 ;
; Ignore CARRY Buffers                                             ; Off                ; Off                ;
; Ignore CASCADE Buffers                                           ; Off                ; Off                ;
; Ignore GLOBAL Buffers                                            ; Off                ; Off                ;
; Ignore ROW GLOBAL Buffers                                        ; Off                ; Off                ;
; Ignore LCELL Buffers                                             ; Off                ; Off                ;
; Ignore SOFT Buffers                                              ; On                 ; On                 ;
; Limit AHDL Integers to 32 Bits                                   ; Off                ; Off                ;
; Optimization Technique                                           ; Balanced           ; Balanced           ;
; Carry Chain Length                                               ; 70                 ; 70                 ;
; Auto Carry Chains                                                ; On                 ; On                 ;
; Auto Open-Drain Pins                                             ; On                 ; On                 ;
; Perform WYSIWYG Primitive Resynthesis                            ; Off                ; Off                ;
; Auto Shift Register Replacement                                  ; Auto               ; Auto               ;
; Allow Shift Register Merging across Hierarchies                  ; Auto               ; Auto               ;
; Auto Clock Enable Replacement                                    ; On                 ; On                 ;
; Allow Synchronous Control Signals                                ; On                 ; On                 ;
; Force Use of Synchronous Clear Signals                           ; Off                ; Off                ;
; Auto Resource Sharing                                            ; Off                ; Off                ;
; Use LogicLock Constraints during Resource Balancing              ; On                 ; On                 ;
; Ignore translate_off and synthesis_off directives                ; Off                ; Off                ;
; Report Parameter Settings                                        ; On                 ; On                 ;
; Report Source Assignments                                        ; On                 ; On                 ;
; Report Connectivity Checks                                       ; On                 ; On                 ;
; Ignore Maximum Fan-Out Assignments                               ; Off                ; Off                ;
; Synchronization Register Chain Length                            ; 2                  ; 2                  ;
; Power Optimization During Synthesis                              ; Normal compilation ; Normal compilation ;
; HDL message level                                                ; Level2             ; Level2             ;
; Suppress Register Optimization Related Messages                  ; Off                ; Off                ;
; Number of Removed Registers Reported in Synthesis Report         ; 5000               ; 5000               ;
; Number of Swept Nodes Reported in Synthesis Report               ; 5000               ; 5000               ;
; Number of Inverted Registers Reported in Synthesis Report        ; 100                ; 100                ;
; Clock MUX Protection                                             ; On                 ; On                 ;
; Block Design Naming                                              ; Auto               ; Auto               ;
; Synthesis Effort                                                 ; Auto               ; Auto               ;
; Shift Register Replacement - Allow Asynchronous Clear Signal     ; On                 ; On                 ;
; Analysis & Synthesis Message Level                               ; Medium             ; Medium             ;
; Disable Register Merging Across Hierarchies                      ; Auto               ; Auto               ;
+------------------------------------------------------------------+--------------------+--------------------+


+------------------------------------------+
; Parallel Compilation                     ;
+----------------------------+-------------+
; Processors                 ; Number      ;
+----------------------------+-------------+
; Number detected on machine ; 2           ;
; Maximum allowed            ; 2           ;
;                            ;             ;
; Average used               ; 1.00        ;
; Maximum used               ; 1           ;
;                            ;             ;
; Usage by Processor         ; % Time Used ;
;     Processor 1            ; 100.0%      ;
+----------------------------+-------------+


+----------------------------------------------------------------------------------------------------------------------------------------------------------------------------------+
; Analysis & Synthesis Source Files Read                                                                                                                                           ;
+----------------------------------+-----------------+------------------------------+------------------------------------------------------------------------------------+---------+
; File Name with User-Entered Path ; Used in Netlist ; File Type                    ; File Name with Absolute Path                                                       ; Library ;
+----------------------------------+-----------------+------------------------------+------------------------------------------------------------------------------------+---------+
; ALU.v                            ; yes             ; User Verilog HDL File        ; /home/anna/intelFPGA_lite/20.1/quartus/tasks/task1/ALU.v                           ;         ;
; lpm_divide.tdf                   ; yes             ; Megafunction                 ; /home/anna/intelFPGA_lite/20.1/quartus/libraries/megafunctions/lpm_divide.tdf      ;         ;
; abs_divider.inc                  ; yes             ; Megafunction                 ; /home/anna/intelFPGA_lite/20.1/quartus/libraries/megafunctions/abs_divider.inc     ;         ;
; sign_div_unsign.inc              ; yes             ; Megafunction                 ; /home/anna/intelFPGA_lite/20.1/quartus/libraries/megafunctions/sign_div_unsign.inc ;         ;
; aglobal201.inc                   ; yes             ; Megafunction                 ; /home/anna/intelFPGA_lite/20.1/quartus/libraries/megafunctions/aglobal201.inc      ;         ;
; db/lpm_divide_1ol.tdf            ; yes             ; Auto-Generated Megafunction  ; /home/anna/intelFPGA_lite/20.1/quartus/tasks/task1/db/lpm_divide_1ol.tdf           ;         ;
; db/sign_div_unsign_fkh.tdf       ; yes             ; Auto-Generated Megafunction  ; /home/anna/intelFPGA_lite/20.1/quartus/tasks/task1/db/sign_div_unsign_fkh.tdf      ;         ;
; db/alt_u_div_pie.tdf             ; yes             ; Auto-Generated Megafunction  ; /home/anna/intelFPGA_lite/20.1/quartus/tasks/task1/db/alt_u_div_pie.tdf            ;         ;
; db/add_sub_e7c.tdf               ; yes             ; Auto-Generated Megafunction  ; /home/anna/intelFPGA_lite/20.1/quartus/tasks/task1/db/add_sub_e7c.tdf              ;         ;
; db/add_sub_f7c.tdf               ; yes             ; Auto-Generated Megafunction  ; /home/anna/intelFPGA_lite/20.1/quartus/tasks/task1/db/add_sub_f7c.tdf              ;         ;
; db/add_sub_g7c.tdf               ; yes             ; Auto-Generated Megafunction  ; /home/anna/intelFPGA_lite/20.1/quartus/tasks/task1/db/add_sub_g7c.tdf              ;         ;
; db/add_sub_h7c.tdf               ; yes             ; Auto-Generated Megafunction  ; /home/anna/intelFPGA_lite/20.1/quartus/tasks/task1/db/add_sub_h7c.tdf              ;         ;
; db/add_sub_i7c.tdf               ; yes             ; Auto-Generated Megafunction  ; /home/anna/intelFPGA_lite/20.1/quartus/tasks/task1/db/add_sub_i7c.tdf              ;         ;
; db/add_sub_j7c.tdf               ; yes             ; Auto-Generated Megafunction  ; /home/anna/intelFPGA_lite/20.1/quartus/tasks/task1/db/add_sub_j7c.tdf              ;         ;
; db/add_sub_k7c.tdf               ; yes             ; Auto-Generated Megafunction  ; /home/anna/intelFPGA_lite/20.1/quartus/tasks/task1/db/add_sub_k7c.tdf              ;         ;
; db/add_sub_l7c.tdf               ; yes             ; Auto-Generated Megafunction  ; /home/anna/intelFPGA_lite/20.1/quartus/tasks/task1/db/add_sub_l7c.tdf              ;         ;
; db/lpm_divide_uvl.tdf            ; yes             ; Auto-Generated Megafunction  ; /home/anna/intelFPGA_lite/20.1/quartus/tasks/task1/db/lpm_divide_uvl.tdf           ;         ;
; lpm_mult.tdf                     ; yes             ; Megafunction                 ; /home/anna/intelFPGA_lite/20.1/quartus/libraries/megafunctions/lpm_mult.tdf        ;         ;
; lpm_add_sub.inc                  ; yes             ; Megafunction                 ; /home/anna/intelFPGA_lite/20.1/quartus/libraries/megafunctions/lpm_add_sub.inc     ;         ;
; multcore.inc                     ; yes             ; Megafunction                 ; /home/anna/intelFPGA_lite/20.1/quartus/libraries/megafunctions/multcore.inc        ;         ;
; bypassff.inc                     ; yes             ; Megafunction                 ; /home/anna/intelFPGA_lite/20.1/quartus/libraries/megafunctions/bypassff.inc        ;         ;
; altshift.inc                     ; yes             ; Megafunction                 ; /home/anna/intelFPGA_lite/20.1/quartus/libraries/megafunctions/altshift.inc        ;         ;
; db/mult_hos.tdf                  ; yes             ; Auto-Generated Megafunction  ; /home/anna/intelFPGA_lite/20.1/quartus/tasks/task1/db/mult_hos.tdf                 ;         ;
+----------------------------------+-----------------+------------------------------+------------------------------------------------------------------------------------+---------+


+-----------------------------------------------------+
; Analysis & Synthesis Resource Usage Summary         ;
+---------------------------------------------+-------+
; Resource                                    ; Usage ;
+---------------------------------------------+-------+
; Total logic elements                        ; 283   ;
;     -- Combinational with no register       ; 283   ;
;     -- Register only                        ; 0     ;
;     -- Combinational with a register        ; 0     ;
;                                             ;       ;
; Logic element usage by number of LUT inputs ;       ;
;     -- 4 input functions                    ; 87    ;
;     -- 3 input functions                    ; 123   ;
;     -- 2 input functions                    ; 36    ;
;     -- 1 input functions                    ; 37    ;
;     -- 0 input functions                    ; 0     ;
;                                             ;       ;
; Logic elements by mode                      ;       ;
;     -- normal mode                          ; 176   ;
;     -- arithmetic mode                      ; 107   ;
;     -- qfbk mode                            ; 0     ;
;     -- register cascade mode                ; 0     ;
;     -- synchronous clear/load mode          ; 0     ;
;     -- asynchronous clear/load mode         ; 0     ;
;                                             ;       ;
; Total registers                             ; 0     ;
; Total logic cells in carry chains           ; 137   ;
; I/O pins                                    ; 29    ;
; Maximum fan-out node                        ; op[0] ;
; Maximum fan-out                             ; 26    ;
; Total fan-out                               ; 834   ;
; Average fan-out                             ; 2.67  ;
+---------------------------------------------+-------+


+---------------------------------------------------------------------------------------------------------------------------------------------------------------------------------------------------------------------------------------------------------------------------------------------------------------------------------------------------------------+
; Analysis & Synthesis Resource Utilization by Entity                                                                                                                                                                                                                                                                                                           ;
+----------------------------------------+-------------+--------------+------------+------+--------------+--------------+-------------------+------------------+-----------------+------------+----------------------------------------------------------------------------------------------------------------------------+---------------------+--------------+
; Compilation Hierarchy Node             ; Logic Cells ; LC Registers ; UFM Blocks ; Pins ; Virtual Pins ; LUT-Only LCs ; Register-Only LCs ; LUT/Register LCs ; Carry Chain LCs ; Packed LCs ; Full Hierarchy Name                                                                                                        ; Entity Name         ; Library Name ;
+----------------------------------------+-------------+--------------+------------+------+--------------+--------------+-------------------+------------------+-----------------+------------+----------------------------------------------------------------------------------------------------------------------------+---------------------+--------------+
; |ALU                                   ; 283 (68)    ; 0            ; 0          ; 29   ; 0            ; 283 (68)     ; 0 (0)             ; 0 (0)            ; 137 (9)         ; 0 (0)      ; |ALU                                                                                                                       ; ALU                 ; work         ;
;    |lpm_divide:Div0|                   ; 82 (0)      ; 0            ; 0          ; 0    ; 0            ; 82 (0)       ; 0 (0)             ; 0 (0)            ; 51 (0)          ; 0 (0)      ; |ALU|lpm_divide:Div0                                                                                                       ; lpm_divide          ; work         ;
;       |lpm_divide_uvl:auto_generated|  ; 82 (0)      ; 0            ; 0          ; 0    ; 0            ; 82 (0)       ; 0 (0)             ; 0 (0)            ; 51 (0)          ; 0 (0)      ; |ALU|lpm_divide:Div0|lpm_divide_uvl:auto_generated                                                                         ; lpm_divide_uvl      ; work         ;
;          |sign_div_unsign_fkh:divider| ; 82 (0)      ; 0            ; 0          ; 0    ; 0            ; 82 (0)       ; 0 (0)             ; 0 (0)            ; 51 (0)          ; 0 (0)      ; |ALU|lpm_divide:Div0|lpm_divide_uvl:auto_generated|sign_div_unsign_fkh:divider                                             ; sign_div_unsign_fkh ; work         ;
;             |alt_u_div_pie:divider|    ; 82 (31)     ; 0            ; 0          ; 0    ; 0            ; 82 (31)      ; 0 (0)             ; 0 (0)            ; 51 (0)          ; 0 (0)      ; |ALU|lpm_divide:Div0|lpm_divide_uvl:auto_generated|sign_div_unsign_fkh:divider|alt_u_div_pie:divider                       ; alt_u_div_pie       ; work         ;
;                |add_sub_g7c:add_sub_2| ; 6 (6)       ; 0            ; 0          ; 0    ; 0            ; 6 (6)        ; 0 (0)             ; 0 (0)            ; 6 (6)           ; 0 (0)      ; |ALU|lpm_divide:Div0|lpm_divide_uvl:auto_generated|sign_div_unsign_fkh:divider|alt_u_div_pie:divider|add_sub_g7c:add_sub_2 ; add_sub_g7c         ; work         ;
;                |add_sub_h7c:add_sub_3| ; 7 (7)       ; 0            ; 0          ; 0    ; 0            ; 7 (7)        ; 0 (0)             ; 0 (0)            ; 7 (7)           ; 0 (0)      ; |ALU|lpm_divide:Div0|lpm_divide_uvl:auto_generated|sign_div_unsign_fkh:divider|alt_u_div_pie:divider|add_sub_h7c:add_sub_3 ; add_sub_h7c         ; work         ;
;                |add_sub_i7c:add_sub_4| ; 8 (8)       ; 0            ; 0          ; 0    ; 0            ; 8 (8)        ; 0 (0)             ; 0 (0)            ; 8 (8)           ; 0 (0)      ; |ALU|lpm_divide:Div0|lpm_divide_uvl:auto_generated|sign_div_unsign_fkh:divider|alt_u_div_pie:divider|add_sub_i7c:add_sub_4 ; add_sub_i7c         ; work         ;
;                |add_sub_j7c:add_sub_5| ; 9 (9)       ; 0            ; 0          ; 0    ; 0            ; 9 (9)        ; 0 (0)             ; 0 (0)            ; 9 (9)           ; 0 (0)      ; |ALU|lpm_divide:Div0|lpm_divide_uvl:auto_generated|sign_div_unsign_fkh:divider|alt_u_div_pie:divider|add_sub_j7c:add_sub_5 ; add_sub_j7c         ; work         ;
;                |add_sub_k7c:add_sub_6| ; 10 (10)     ; 0            ; 0          ; 0    ; 0            ; 10 (10)      ; 0 (0)             ; 0 (0)            ; 10 (10)         ; 0 (0)      ; |ALU|lpm_divide:Div0|lpm_divide_uvl:auto_generated|sign_div_unsign_fkh:divider|alt_u_div_pie:divider|add_sub_k7c:add_sub_6 ; add_sub_k7c         ; work         ;
;                |add_sub_l7c:add_sub_7| ; 11 (11)     ; 0            ; 0          ; 0    ; 0            ; 11 (11)      ; 0 (0)             ; 0 (0)            ; 11 (11)         ; 0 (0)      ; |ALU|lpm_divide:Div0|lpm_divide_uvl:auto_generated|sign_div_unsign_fkh:divider|alt_u_div_pie:divider|add_sub_l7c:add_sub_7 ; add_sub_l7c         ; work         ;
;    |lpm_divide:Mod0|                   ; 85 (0)      ; 0            ; 0          ; 0    ; 0            ; 85 (0)       ; 0 (0)             ; 0 (0)            ; 51 (0)          ; 0 (0)      ; |ALU|lpm_divide:Mod0                                                                                                       ; lpm_divide          ; work         ;
;       |lpm_divide_1ol:auto_generated|  ; 85 (0)      ; 0            ; 0          ; 0    ; 0            ; 85 (0)       ; 0 (0)             ; 0 (0)            ; 51 (0)          ; 0 (0)      ; |ALU|lpm_divide:Mod0|lpm_divide_1ol:auto_generated                                                                         ; lpm_divide_1ol      ; work         ;
;          |sign_div_unsign_fkh:divider| ; 85 (0)      ; 0            ; 0          ; 0    ; 0            ; 85 (0)       ; 0 (0)             ; 0 (0)            ; 51 (0)          ; 0 (0)      ; |ALU|lpm_divide:Mod0|lpm_divide_1ol:auto_generated|sign_div_unsign_fkh:divider                                             ; sign_div_unsign_fkh ; work         ;
;             |alt_u_div_pie:divider|    ; 85 (33)     ; 0            ; 0          ; 0    ; 0            ; 85 (33)      ; 0 (0)             ; 0 (0)            ; 51 (0)          ; 0 (0)      ; |ALU|lpm_divide:Mod0|lpm_divide_1ol:auto_generated|sign_div_unsign_fkh:divider|alt_u_div_pie:divider                       ; alt_u_div_pie       ; work         ;
;                |add_sub_f7c:add_sub_1| ; 1 (1)       ; 0            ; 0          ; 0    ; 0            ; 1 (1)        ; 0 (0)             ; 0 (0)            ; 0 (0)           ; 0 (0)      ; |ALU|lpm_divide:Mod0|lpm_divide_1ol:auto_generated|sign_div_unsign_fkh:divider|alt_u_div_pie:divider|add_sub_f7c:add_sub_1 ; add_sub_f7c         ; work         ;
;                |add_sub_g7c:add_sub_2| ; 6 (6)       ; 0            ; 0          ; 0    ; 0            ; 6 (6)        ; 0 (0)             ; 0 (0)            ; 6 (6)           ; 0 (0)      ; |ALU|lpm_divide:Mod0|lpm_divide_1ol:auto_generated|sign_div_unsign_fkh:divider|alt_u_div_pie:divider|add_sub_g7c:add_sub_2 ; add_sub_g7c         ; work         ;
;                |add_sub_h7c:add_sub_3| ; 7 (7)       ; 0            ; 0          ; 0    ; 0            ; 7 (7)        ; 0 (0)             ; 0 (0)            ; 7 (7)           ; 0 (0)      ; |ALU|lpm_divide:Mod0|lpm_divide_1ol:auto_generated|sign_div_unsign_fkh:divider|alt_u_div_pie:divider|add_sub_h7c:add_sub_3 ; add_sub_h7c         ; work         ;
;                |add_sub_i7c:add_sub_4| ; 8 (8)       ; 0            ; 0          ; 0    ; 0            ; 8 (8)        ; 0 (0)             ; 0 (0)            ; 8 (8)           ; 0 (0)      ; |ALU|lpm_divide:Mod0|lpm_divide_1ol:auto_generated|sign_div_unsign_fkh:divider|alt_u_div_pie:divider|add_sub_i7c:add_sub_4 ; add_sub_i7c         ; work         ;
;                |add_sub_j7c:add_sub_5| ; 9 (9)       ; 0            ; 0          ; 0    ; 0            ; 9 (9)        ; 0 (0)             ; 0 (0)            ; 9 (9)           ; 0 (0)      ; |ALU|lpm_divide:Mod0|lpm_divide_1ol:auto_generated|sign_div_unsign_fkh:divider|alt_u_div_pie:divider|add_sub_j7c:add_sub_5 ; add_sub_j7c         ; work         ;
;                |add_sub_k7c:add_sub_6| ; 10 (10)     ; 0            ; 0          ; 0    ; 0            ; 10 (10)      ; 0 (0)             ; 0 (0)            ; 10 (10)         ; 0 (0)      ; |ALU|lpm_divide:Mod0|lpm_divide_1ol:auto_generated|sign_div_unsign_fkh:divider|alt_u_div_pie:divider|add_sub_k7c:add_sub_6 ; add_sub_k7c         ; work         ;
;                |add_sub_l7c:add_sub_7| ; 11 (11)     ; 0            ; 0          ; 0    ; 0            ; 11 (11)      ; 0 (0)             ; 0 (0)            ; 11 (11)         ; 0 (0)      ; |ALU|lpm_divide:Mod0|lpm_divide_1ol:auto_generated|sign_div_unsign_fkh:divider|alt_u_div_pie:divider|add_sub_l7c:add_sub_7 ; add_sub_l7c         ; work         ;
;    |lpm_mult:Mult0|                    ; 48 (0)      ; 0            ; 0          ; 0    ; 0            ; 48 (0)       ; 0 (0)             ; 0 (0)            ; 26 (0)          ; 0 (0)      ; |ALU|lpm_mult:Mult0                                                                                                        ; lpm_mult            ; work         ;
;       |mult_hos:auto_generated|        ; 48 (48)     ; 0            ; 0          ; 0    ; 0            ; 48 (48)      ; 0 (0)             ; 0 (0)            ; 26 (26)         ; 0 (0)      ; |ALU|lpm_mult:Mult0|mult_hos:auto_generated                                                                                ; mult_hos            ; work         ;
+----------------------------------------+-------------+--------------+------------+------+--------------+--------------+-------------------+------------------+-----------------+------------+----------------------------------------------------------------------------------------------------------------------------+---------------------+--------------+
Note: For table entries with two numbers listed, the numbers in parentheses indicate the number of resources of the given type used by the specific entity alone. The numbers listed outside of parentheses indicate the total resources of the given type used by the specific entity and all of its sub-entities in the hierarchy.


+------------------------------------------------------+
; General Register Statistics                          ;
+----------------------------------------------+-------+
; Statistic                                    ; Value ;
+----------------------------------------------+-------+
; Total registers                              ; 0     ;
; Number of registers using Synchronous Clear  ; 0     ;
; Number of registers using Synchronous Load   ; 0     ;
; Number of registers using Asynchronous Clear ; 0     ;
; Number of registers using Asynchronous Load  ; 0     ;
; Number of registers using Clock Enable       ; 0     ;
; Number of registers using Preset             ; 0     ;
+----------------------------------------------+-------+


+------------------------------------------------------------------------------------------------------------------------------------------+
; Multiplexer Restructuring Statistics (Restructuring Performed)                                                                           ;
+--------------------+-----------+---------------+----------------------+------------------------+------------+----------------------------+
; Multiplexer Inputs ; Bus Width ; Baseline Area ; Area if Restructured ; Saving if Restructured ; Registered ; Example Multiplexer Output ;
+--------------------+-----------+---------------+----------------------+------------------------+------------+----------------------------+
; 10:1               ; 8 bits    ; 48 LEs        ; 0 LEs                ; 48 LEs                 ; No         ; |ALU|Add0                  ;
; 10:1               ; 8 bits    ; 48 LEs        ; 8 LEs                ; 40 LEs                 ; No         ; |ALU|Add0                  ;
; 17:1               ; 8 bits    ; 88 LEs        ; 40 LEs               ; 48 LEs                 ; No         ; |ALU|result                ;
+--------------------+-----------+---------------+----------------------+------------------------+------------+----------------------------+


+---------------------------------------------------------------------+
; Parameter Settings for User Entity Instance: Top-level Entity: |ALU ;
+----------------+-------+--------------------------------------------+
; Parameter Name ; Value ; Type                                       ;
+----------------+-------+--------------------------------------------+
; BITS           ; 8     ; Signed Integer                             ;
; OP             ; 4     ; Signed Integer                             ;
+----------------+-------+--------------------------------------------+
Note: In order to hide this table in the UI and the text report file, please set the "Show Parameter Settings in Synthesis Report" option in "Analysis and Synthesis Settings -> More Settings" to "Off".


+------------------------------------------------------------------+
; Parameter Settings for Inferred Entity Instance: lpm_divide:Mod0 ;
+------------------------+----------------+------------------------+
; Parameter Name         ; Value          ; Type                   ;
+------------------------+----------------+------------------------+
; LPM_WIDTHN             ; 8              ; Untyped                ;
; LPM_WIDTHD             ; 8              ; Untyped                ;
; LPM_NREPRESENTATION    ; UNSIGNED       ; Untyped                ;
; LPM_DREPRESENTATION    ; UNSIGNED       ; Untyped                ;
; LPM_PIPELINE           ; 0              ; Untyped                ;
; LPM_REMAINDERPOSITIVE  ; TRUE           ; Untyped                ;
; MAXIMIZE_SPEED         ; 5              ; Untyped                ;
; CBXI_PARAMETER         ; lpm_divide_1ol ; Untyped                ;
; CARRY_CHAIN            ; MANUAL         ; Untyped                ;
; OPTIMIZE_FOR_SPEED     ; 5              ; Untyped                ;
; AUTO_CARRY_CHAINS      ; ON             ; AUTO_CARRY             ;
; IGNORE_CARRY_BUFFERS   ; OFF            ; IGNORE_CARRY           ;
; AUTO_CASCADE_CHAINS    ; ON             ; AUTO_CASCADE           ;
; IGNORE_CASCADE_BUFFERS ; OFF            ; IGNORE_CASCADE         ;
+------------------------+----------------+------------------------+
Note: In order to hide this table in the UI and the text report file, please set the "Show Parameter Settings in Synthesis Report" option in "Analysis and Synthesis Settings -> More Settings" to "Off".


+------------------------------------------------------------------+
; Parameter Settings for Inferred Entity Instance: lpm_divide:Div0 ;
+------------------------+----------------+------------------------+
; Parameter Name         ; Value          ; Type                   ;
+------------------------+----------------+------------------------+
; LPM_WIDTHN             ; 8              ; Untyped                ;
; LPM_WIDTHD             ; 8              ; Untyped                ;
; LPM_NREPRESENTATION    ; UNSIGNED       ; Untyped                ;
; LPM_DREPRESENTATION    ; UNSIGNED       ; Untyped                ;
; LPM_PIPELINE           ; 0              ; Untyped                ;
; LPM_REMAINDERPOSITIVE  ; TRUE           ; Untyped                ;
; MAXIMIZE_SPEED         ; 5              ; Untyped                ;
; CBXI_PARAMETER         ; lpm_divide_uvl ; Untyped                ;
; CARRY_CHAIN            ; MANUAL         ; Untyped                ;
; OPTIMIZE_FOR_SPEED     ; 5              ; Untyped                ;
; AUTO_CARRY_CHAINS      ; ON             ; AUTO_CARRY             ;
; IGNORE_CARRY_BUFFERS   ; OFF            ; IGNORE_CARRY           ;
; AUTO_CASCADE_CHAINS    ; ON             ; AUTO_CASCADE           ;
; IGNORE_CASCADE_BUFFERS ; OFF            ; IGNORE_CASCADE         ;
+------------------------+----------------+------------------------+
Note: In order to hide this table in the UI and the text report file, please set the "Show Parameter Settings in Synthesis Report" option in "Analysis and Synthesis Settings -> More Settings" to "Off".


+---------------------------------------------------------------------------------+
; Parameter Settings for Inferred Entity Instance: lpm_mult:Mult0                 ;
+------------------------------------------------+----------+---------------------+
; Parameter Name                                 ; Value    ; Type                ;
+------------------------------------------------+----------+---------------------+
; AUTO_CARRY_CHAINS                              ; ON       ; AUTO_CARRY          ;
; IGNORE_CARRY_BUFFERS                           ; OFF      ; IGNORE_CARRY        ;
; AUTO_CASCADE_CHAINS                            ; ON       ; AUTO_CASCADE        ;
; IGNORE_CASCADE_BUFFERS                         ; OFF      ; IGNORE_CASCADE      ;
; LPM_WIDTHA                                     ; 8        ; Untyped             ;
; LPM_WIDTHB                                     ; 8        ; Untyped             ;
; LPM_WIDTHP                                     ; 16       ; Untyped             ;
; LPM_WIDTHR                                     ; 16       ; Untyped             ;
; LPM_WIDTHS                                     ; 1        ; Untyped             ;
; LPM_REPRESENTATION                             ; UNSIGNED ; Untyped             ;
; LPM_PIPELINE                                   ; 0        ; Untyped             ;
; LATENCY                                        ; 0        ; Untyped             ;
; INPUT_A_IS_CONSTANT                            ; NO       ; Untyped             ;
; INPUT_B_IS_CONSTANT                            ; NO       ; Untyped             ;
; USE_EAB                                        ; OFF      ; Untyped             ;
; MAXIMIZE_SPEED                                 ; 5        ; Untyped             ;
; DEVICE_FAMILY                                  ; MAX II   ; Untyped             ;
; CARRY_CHAIN                                    ; MANUAL   ; Untyped             ;
; APEX20K_TECHNOLOGY_MAPPER                      ; LUT      ; TECH_MAPPER_APEX20K ;
; DEDICATED_MULTIPLIER_CIRCUITRY                 ; AUTO     ; Untyped             ;
; DEDICATED_MULTIPLIER_MIN_INPUT_WIDTH_FOR_AUTO  ; 0        ; Untyped             ;
; DEDICATED_MULTIPLIER_MIN_OUTPUT_WIDTH_FOR_AUTO ; 0        ; Untyped             ;
; CBXI_PARAMETER                                 ; mult_hos ; Untyped             ;
; INPUT_A_FIXED_VALUE                            ; Bx       ; Untyped             ;
; INPUT_B_FIXED_VALUE                            ; Bx       ; Untyped             ;
; USE_AHDL_IMPLEMENTATION                        ; OFF      ; Untyped             ;
+------------------------------------------------+----------+---------------------+
Note: In order to hide this table in the UI and the text report file, please set the "Show Parameter Settings in Synthesis Report" option in "Analysis and Synthesis Settings -> More Settings" to "Off".


+--------------------------------------------------------+
; lpm_mult Parameter Settings by Entity Instance         ;
+---------------------------------------+----------------+
; Name                                  ; Value          ;
+---------------------------------------+----------------+
; Number of entity instances            ; 1              ;
; Entity Instance                       ; lpm_mult:Mult0 ;
;     -- LPM_WIDTHA                     ; 8              ;
;     -- LPM_WIDTHB                     ; 8              ;
;     -- LPM_WIDTHP                     ; 16             ;
;     -- LPM_REPRESENTATION             ; UNSIGNED       ;
;     -- INPUT_A_IS_CONSTANT            ; NO             ;
;     -- INPUT_B_IS_CONSTANT            ; NO             ;
;     -- USE_EAB                        ; OFF            ;
;     -- DEDICATED_MULTIPLIER_CIRCUITRY ; AUTO           ;
;     -- INPUT_A_FIXED_VALUE            ; Bx             ;
;     -- INPUT_B_FIXED_VALUE            ; Bx             ;
+---------------------------------------+----------------+


+-------------------------------+
; Analysis & Synthesis Messages ;
+-------------------------------+
Info: *******************************************************************
Info: Running Quartus Prime Analysis & Synthesis
    Info: Version 20.1.0 Build 711 06/05/2020 SJ Lite Edition
    Info: Processing started: Thu Jul  7 17:01:53 2022
Info: Command: quartus_map --read_settings_files=on --write_settings_files=off ALU -c ALU
Warning (18236): Number of processors has not been specified which may cause overloading on shared machines.  Set the global assignment NUM_PARALLEL_PROCESSORS in your QSF to an appropriate value for best performance.
Info (20030): Parallel compilation is enabled and will use 2 of the 2 processors detected
Warning (10229): Verilog HDL Expression warning at ALU.v(58): truncated literal to match 4 bits File: /home/anna/intelFPGA_lite/20.1/quartus/tasks/task1/ALU.v Line: 58
Warning (10229): Verilog HDL Expression warning at ALU.v(59): truncated literal to match 4 bits File: /home/anna/intelFPGA_lite/20.1/quartus/tasks/task1/ALU.v Line: 59
Warning (10229): Verilog HDL Expression warning at ALU.v(60): truncated literal to match 4 bits File: /home/anna/intelFPGA_lite/20.1/quartus/tasks/task1/ALU.v Line: 60
Info (12021): Found 2 design units, including 2 entities, in source file ALU.v
    Info (12023): Found entity 1: ALU File: /home/anna/intelFPGA_lite/20.1/quartus/tasks/task1/ALU.v Line: 1
    Info (12023): Found entity 2: ROM File: /home/anna/intelFPGA_lite/20.1/quartus/tasks/task1/ALU.v Line: 38
Info (12127): Elaborating entity "ALU" for the top level hierarchy
Info (278001): Inferred 3 megafunctions from design logic
    Info (278004): Inferred divider/modulo megafunction ("lpm_divide") from the following logic: "Mod0" File: /home/anna/intelFPGA_lite/20.1/quartus/tasks/task1/ALU.v Line: 26
    Info (278004): Inferred divider/modulo megafunction ("lpm_divide") from the following logic: "Div0" File: /home/anna/intelFPGA_lite/20.1/quartus/tasks/task1/ALU.v Line: 25
    Info (278003): Inferred multiplier megafunction ("lpm_mult") from the following logic: "Mult0" File: /home/anna/intelFPGA_lite/20.1/quartus/tasks/task1/ALU.v Line: 24
Info (12130): Elaborated megafunction instantiation "lpm_divide:Mod0" File: /home/anna/intelFPGA_lite/20.1/quartus/tasks/task1/ALU.v Line: 26
Info (12133): Instantiated megafunction "lpm_divide:Mod0" with the following parameter: File: /home/anna/intelFPGA_lite/20.1/quartus/tasks/task1/ALU.v Line: 26
    Info (12134): Parameter "LPM_WIDTHN" = "8"
    Info (12134): Parameter "LPM_WIDTHD" = "8"
    Info (12134): Parameter "LPM_NREPRESENTATION" = "UNSIGNED"
    Info (12134): Parameter "LPM_DREPRESENTATION" = "UNSIGNED"
Info (12021): Found 1 design units, including 1 entities, in source file db/lpm_divide_1ol.tdf
    Info (12023): Found entity 1: lpm_divide_1ol File: /home/anna/intelFPGA_lite/20.1/quartus/tasks/task1/db/lpm_divide_1ol.tdf Line: 25
Info (12021): Found 1 design units, including 1 entities, in source file db/sign_div_unsign_fkh.tdf
    Info (12023): Found entity 1: sign_div_unsign_fkh File: /home/anna/intelFPGA_lite/20.1/quartus/tasks/task1/db/sign_div_unsign_fkh.tdf Line: 25
Info (12021): Found 1 design units, including 1 entities, in source file db/alt_u_div_pie.tdf
    Info (12023): Found entity 1: alt_u_div_pie File: /home/anna/intelFPGA_lite/20.1/quartus/tasks/task1/db/alt_u_div_pie.tdf Line: 39
Info (12021): Found 1 design units, including 1 entities, in source file db/add_sub_e7c.tdf
    Info (12023): Found entity 1: add_sub_e7c File: /home/anna/intelFPGA_lite/20.1/quartus/tasks/task1/db/add_sub_e7c.tdf Line: 23
Info (12021): Found 1 design units, including 1 entities, in source file db/add_sub_f7c.tdf
    Info (12023): Found entity 1: add_sub_f7c File: /home/anna/intelFPGA_lite/20.1/quartus/tasks/task1/db/add_sub_f7c.tdf Line: 23
Info (12021): Found 1 design units, including 1 entities, in source file db/add_sub_g7c.tdf
    Info (12023): Found entity 1: add_sub_g7c File: /home/anna/intelFPGA_lite/20.1/quartus/tasks/task1/db/add_sub_g7c.tdf Line: 25
Info (12021): Found 1 design units, including 1 entities, in source file db/add_sub_h7c.tdf
    Info (12023): Found entity 1: add_sub_h7c File: /home/anna/intelFPGA_lite/20.1/quartus/tasks/task1/db/add_sub_h7c.tdf Line: 25
Info (12021): Found 1 design units, including 1 entities, in source file db/add_sub_i7c.tdf
    Info (12023): Found entity 1: add_sub_i7c File: /home/anna/intelFPGA_lite/20.1/quartus/tasks/task1/db/add_sub_i7c.tdf Line: 25
Info (12021): Found 1 design units, including 1 entities, in source file db/add_sub_j7c.tdf
    Info (12023): Found entity 1: add_sub_j7c File: /home/anna/intelFPGA_lite/20.1/quartus/tasks/task1/db/add_sub_j7c.tdf Line: 25
Info (12021): Found 1 design units, including 1 entities, in source file db/add_sub_k7c.tdf
    Info (12023): Found entity 1: add_sub_k7c File: /home/anna/intelFPGA_lite/20.1/quartus/tasks/task1/db/add_sub_k7c.tdf Line: 25
Info (12021): Found 1 design units, including 1 entities, in source file db/add_sub_l7c.tdf
    Info (12023): Found entity 1: add_sub_l7c File: /home/anna/intelFPGA_lite/20.1/quartus/tasks/task1/db/add_sub_l7c.tdf Line: 25
Info (12130): Elaborated megafunction instantiation "lpm_divide:Div0" File: /home/anna/intelFPGA_lite/20.1/quartus/tasks/task1/ALU.v Line: 25
Info (12133): Instantiated megafunction "lpm_divide:Div0" with the following parameter: File: /home/anna/intelFPGA_lite/20.1/quartus/tasks/task1/ALU.v Line: 25
    Info (12134): Parameter "LPM_WIDTHN" = "8"
    Info (12134): Parameter "LPM_WIDTHD" = "8"
    Info (12134): Parameter "LPM_NREPRESENTATION" = "UNSIGNED"
    Info (12134): Parameter "LPM_DREPRESENTATION" = "UNSIGNED"
Info (12021): Found 1 design units, including 1 entities, in source file db/lpm_divide_uvl.tdf
    Info (12023): Found entity 1: lpm_divide_uvl File: /home/anna/intelFPGA_lite/20.1/quartus/tasks/task1/db/lpm_divide_uvl.tdf Line: 25
Info (12130): Elaborated megafunction instantiation "lpm_mult:Mult0" File: /home/anna/intelFPGA_lite/20.1/quartus/tasks/task1/ALU.v Line: 24
Info (12133): Instantiated megafunction "lpm_mult:Mult0" with the following parameter: File: /home/anna/intelFPGA_lite/20.1/quartus/tasks/task1/ALU.v Line: 24
    Info (12134): Parameter "LPM_WIDTHA" = "8"
    Info (12134): Parameter "LPM_WIDTHB" = "8"
    Info (12134): Parameter "LPM_WIDTHP" = "16"
    Info (12134): Parameter "LPM_WIDTHR" = "16"
    Info (12134): Parameter "LPM_WIDTHS" = "1"
    Info (12134): Parameter "LPM_REPRESENTATION" = "UNSIGNED"
    Info (12134): Parameter "INPUT_A_IS_CONSTANT" = "NO"
    Info (12134): Parameter "INPUT_B_IS_CONSTANT" = "NO"
    Info (12134): Parameter "MAXIMIZE_SPEED" = "5"
Info (12021): Found 1 design units, including 1 entities, in source file db/mult_hos.tdf
    Info (12023): Found entity 1: mult_hos File: /home/anna/intelFPGA_lite/20.1/quartus/tasks/task1/db/mult_hos.tdf Line: 29
Warning (14284): Synthesized away the following node(s):
    Warning (14285): Synthesized away the following LCELL buffer node(s):
        Warning (14320): Synthesized away node "lpm_mult:Mult0|mult_hos:auto_generated|le3a[9]" File: /home/anna/intelFPGA_lite/20.1/quartus/tasks/task1/db/mult_hos.tdf Line: 43
        Warning (14320): Synthesized away node "lpm_mult:Mult0|mult_hos:auto_generated|le5a[9]" File: /home/anna/intelFPGA_lite/20.1/quartus/tasks/task1/db/mult_hos.tdf Line: 45
        Warning (14320): Synthesized away node "lpm_mult:Mult0|mult_hos:auto_generated|le5a[8]" File: /home/anna/intelFPGA_lite/20.1/quartus/tasks/task1/db/mult_hos.tdf Line: 45
        Warning (14320): Synthesized away node "lpm_mult:Mult0|mult_hos:auto_generated|le5a[4]" File: /home/anna/intelFPGA_lite/20.1/quartus/tasks/task1/db/mult_hos.tdf Line: 45
        Warning (14320): Synthesized away node "lpm_mult:Mult0|mult_hos:auto_generated|le6a[9]" File: /home/anna/intelFPGA_lite/20.1/quartus/tasks/task1/db/mult_hos.tdf Line: 46
        Warning (14320): Synthesized away node "lpm_mult:Mult0|mult_hos:auto_generated|le6a[8]" File: /home/anna/intelFPGA_lite/20.1/quartus/tasks/task1/db/mult_hos.tdf Line: 46
        Warning (14320): Synthesized away node "lpm_mult:Mult0|mult_hos:auto_generated|le6a[7]" File: /home/anna/intelFPGA_lite/20.1/quartus/tasks/task1/db/mult_hos.tdf Line: 46
        Warning (14320): Synthesized away node "lpm_mult:Mult0|mult_hos:auto_generated|le6a[6]" File: /home/anna/intelFPGA_lite/20.1/quartus/tasks/task1/db/mult_hos.tdf Line: 46
        Warning (14320): Synthesized away node "lpm_mult:Mult0|mult_hos:auto_generated|le6a[5]" File: /home/anna/intelFPGA_lite/20.1/quartus/tasks/task1/db/mult_hos.tdf Line: 46
        Warning (14320): Synthesized away node "lpm_mult:Mult0|mult_hos:auto_generated|le6a[4]" File: /home/anna/intelFPGA_lite/20.1/quartus/tasks/task1/db/mult_hos.tdf Line: 46
        Warning (14320): Synthesized away node "lpm_mult:Mult0|mult_hos:auto_generated|le6a[3]" File: /home/anna/intelFPGA_lite/20.1/quartus/tasks/task1/db/mult_hos.tdf Line: 46
        Warning (14320): Synthesized away node "lpm_mult:Mult0|mult_hos:auto_generated|le6a[2]" File: /home/anna/intelFPGA_lite/20.1/quartus/tasks/task1/db/mult_hos.tdf Line: 46
        Warning (14320): Synthesized away node "lpm_mult:Mult0|mult_hos:auto_generated|le7a[8]" File: /home/anna/intelFPGA_lite/20.1/quartus/tasks/task1/db/mult_hos.tdf Line: 47
        Warning (14320): Synthesized away node "lpm_mult:Mult0|mult_hos:auto_generated|le7a[7]" File: /home/anna/intelFPGA_lite/20.1/quartus/tasks/task1/db/mult_hos.tdf Line: 47
        Warning (14320): Synthesized away node "lpm_mult:Mult0|mult_hos:auto_generated|le7a[6]" File: /home/anna/intelFPGA_lite/20.1/quartus/tasks/task1/db/mult_hos.tdf Line: 47
        Warning (14320): Synthesized away node "lpm_mult:Mult0|mult_hos:auto_generated|le7a[5]" File: /home/anna/intelFPGA_lite/20.1/quartus/tasks/task1/db/mult_hos.tdf Line: 47
        Warning (14320): Synthesized away node "lpm_mult:Mult0|mult_hos:auto_generated|le7a[4]" File: /home/anna/intelFPGA_lite/20.1/quartus/tasks/task1/db/mult_hos.tdf Line: 47
        Warning (14320): Synthesized away node "lpm_mult:Mult0|mult_hos:auto_generated|le7a[3]" File: /home/anna/intelFPGA_lite/20.1/quartus/tasks/task1/db/mult_hos.tdf Line: 47
        Warning (14320): Synthesized away node "lpm_mult:Mult0|mult_hos:auto_generated|le7a[2]" File: /home/anna/intelFPGA_lite/20.1/quartus/tasks/task1/db/mult_hos.tdf Line: 47
        Warning (14320): Synthesized away node "lpm_mult:Mult0|mult_hos:auto_generated|le7a[1]" File: /home/anna/intelFPGA_lite/20.1/quartus/tasks/task1/db/mult_hos.tdf Line: 47
Warning (14284): Synthesized away the following node(s):
    Warning (14285): Synthesized away the following LCELL buffer node(s):
        Warning (14320): Synthesized away node "lpm_mult:Mult0|mult_hos:auto_generated|le3a[8]" File: /home/anna/intelFPGA_lite/20.1/quartus/tasks/task1/db/mult_hos.tdf Line: 43
        Warning (14320): Synthesized away node "lpm_mult:Mult0|mult_hos:auto_generated|le4a[9]" File: /home/anna/intelFPGA_lite/20.1/quartus/tasks/task1/db/mult_hos.tdf Line: 44
        Warning (14320): Synthesized away node "lpm_mult:Mult0|mult_hos:auto_generated|le4a[8]" File: /home/anna/intelFPGA_lite/20.1/quartus/tasks/task1/db/mult_hos.tdf Line: 44
        Warning (14320): Synthesized away node "lpm_mult:Mult0|mult_hos:auto_generated|le4a[7]" File: /home/anna/intelFPGA_lite/20.1/quartus/tasks/task1/db/mult_hos.tdf Line: 44
        Warning (14320): Synthesized away node "lpm_mult:Mult0|mult_hos:auto_generated|le4a[6]" File: /home/anna/intelFPGA_lite/20.1/quartus/tasks/task1/db/mult_hos.tdf Line: 44
        Warning (14320): Synthesized away node "lpm_mult:Mult0|mult_hos:auto_generated|le5a[7]" File: /home/anna/intelFPGA_lite/20.1/quartus/tasks/task1/db/mult_hos.tdf Line: 45
        Warning (14320): Synthesized away node "lpm_mult:Mult0|mult_hos:auto_generated|le5a[6]" File: /home/anna/intelFPGA_lite/20.1/quartus/tasks/task1/db/mult_hos.tdf Line: 45
        Warning (14320): Synthesized away node "lpm_mult:Mult0|mult_hos:auto_generated|le5a[5]" File: /home/anna/intelFPGA_lite/20.1/quartus/tasks/task1/db/mult_hos.tdf Line: 45
Info (13014): Ignored 54 buffer(s)
    Info (13019): Ignored 54 SOFT buffer(s)
Info (21057): Implemented 312 device resources after synthesis - the final resource count might be different
    Info (21058): Implemented 21 input pins
    Info (21059): Implemented 8 output pins
    Info (21061): Implemented 283 logic cells
Info (144001): Generated suppressed messages file /home/anna/intelFPGA_lite/20.1/quartus/tasks/task1/output_files/ALU.map.smsg
Info: Quartus Prime Analysis & Synthesis was successful. 0 errors, 36 warnings
    Info: Peak virtual memory: 357 megabytes
    Info: Processing ended: Thu Jul  7 17:02:06 2022
    Info: Elapsed time: 00:00:13
    Info: Total CPU time (on all processors): 00:00:18


+------------------------------------------+
; Analysis & Synthesis Suppressed Messages ;
+------------------------------------------+
The suppressed messages can be found in /home/anna/intelFPGA_lite/20.1/quartus/tasks/task1/output_files/ALU.map.smsg.


